/home/hepe00001/miniconda3/envs/readout_new/lib/python3.8/site-packages/huggingface_hub/file_download.py:797: FutureWarning: `resume_download` is deprecated and will be removed in version 1.0.0. Downloads always resume when possible. If you want to force a new download, use `force_download=True`.
  warnings.warn(

Loading pipeline components...:   0%|          | 0/7 [00:00<?, ?it/s]
Loading pipeline components...:  29%|██▊       | 2/7 [00:00<00:01,  3.10it/s]
Loading pipeline components...:  43%|████▎     | 3/7 [00:02<00:04,  1.00s/it]
Loading pipeline components...:  57%|█████▋    | 4/7 [00:09<00:09,  3.21s/it]
Loading pipeline components...:  71%|███████▏  | 5/7 [00:09<00:04,  2.18s/it]
Loading pipeline components...:  86%|████████▌ | 6/7 [00:12<00:02,  2.40s/it]
Loading pipeline components...: 100%|██████████| 7/7 [00:13<00:00,  2.03s/it]
Loading pipeline components...: 100%|██████████| 7/7 [00:13<00:00,  1.98s/it]

0it [00:00, ?it/s]/home/hepe00001/miniconda3/envs/readout_new/lib/python3.8/site-packages/torch/utils/checkpoint.py:31: UserWarning: None of the inputs have requires_grad=True. Gradients will be None
  warnings.warn("None of the inputs have requires_grad=True. Gradients will be None")

Readout Guidance Loss N/A: : 0it [00:00, ?it/s]
Readout Guidance Loss N/A: : 1it [00:00,  1.18it/s]
Readout Guidance Loss N/A: : 1it [00:00,  1.18it/s]
Readout Guidance Loss N/A: : 2it [00:01,  1.95it/s]
Readout Guidance Loss N/A: : 2it [00:01,  1.95it/s]
Readout Guidance Loss N/A: : 3it [00:01,  2.49it/s]
Readout Guidance Loss N/A: : 3it [00:01,  2.49it/s]
Readout Guidance Loss N/A: : 4it [00:01,  2.92it/s]
Readout Guidance Loss N/A: : 4it [00:01,  2.92it/s]
Readout Guidance Loss N/A: : 5it [00:01,  3.23it/s]
Readout Guidance Loss N/A: : 5it [00:01,  3.23it/s]
Readout Guidance Loss N/A: : 6it [00:02,  3.46it/s]
Readout Guidance Loss N/A: : 6it [00:02,  3.46it/s]
Readout Guidance Loss N/A: : 7it [00:02,  3.63it/s]
Readout Guidance Loss N/A: : 7it [00:02,  3.63it/s]
Readout Guidance Loss N/A: : 8it [00:02,  3.75it/s]
Readout Guidance Loss N/A: : 8it [00:02,  3.75it/s]
Readout Guidance Loss N/A: : 9it [00:02,  3.84it/s]
Readout Guidance Loss N/A: : 9it [00:02,  3.84it/s]
Readout Guidance Loss N/A: : 10it [00:03,  3.86it/s]
Readout Guidance Loss N/A: : 10it [00:03,  3.86it/s]
Readout Guidance Loss N/A: : 11it [00:03,  3.62it/s]
Readout Guidance Loss N/A: : 11it [00:03,  3.62it/s]
Readout Guidance Loss N/A: : 12it [00:03,  3.73it/s]
Readout Guidance Loss N/A: : 12it [00:03,  3.73it/s]
Readout Guidance Loss N/A: : 13it [00:03,  3.77it/s]
Readout Guidance Loss N/A: : 13it [00:04,  3.77it/s]
Readout Guidance Loss N/A: : 14it [00:04,  3.84it/s]
Readout Guidance Loss N/A: : 14it [00:04,  3.84it/s]
Readout Guidance Loss N/A: : 15it [00:04,  3.90it/s]
Readout Guidance Loss N/A: : 15it [00:04,  3.90it/s]
Readout Guidance Loss N/A: : 16it [00:04,  3.95it/s]
Readout Guidance Loss N/A: : 16it [00:04,  3.95it/s]
Readout Guidance Loss N/A: : 17it [00:04,  3.98it/s]
Readout Guidance Loss N/A: : 17it [00:05,  3.98it/s]
Readout Guidance Loss N/A: : 18it [00:05,  3.99it/s]
Readout Guidance Loss N/A: : 18it [00:05,  3.99it/s]
Readout Guidance Loss N/A: : 19it [00:05,  4.00it/s]
Readout Guidance Loss N/A: : 19it [00:05,  4.00it/s]
Readout Guidance Loss N/A: : 20it [00:05,  4.00it/s]
Readout Guidance Loss N/A: : 20it [00:05,  4.00it/s]
Readout Guidance Loss N/A: : 21it [00:06,  3.70it/s]
Readout Guidance Loss N/A: : 21it [00:06,  3.70it/s]
Readout Guidance Loss N/A: : 22it [00:06,  3.80it/s]
Readout Guidance Loss N/A: : 22it [00:06,  3.80it/s]
Readout Guidance Loss N/A: : 23it [00:06,  3.88it/s]
Readout Guidance Loss N/A: : 23it [00:06,  3.88it/s]
Readout Guidance Loss N/A: : 24it [00:06,  3.93it/s]
Readout Guidance Loss N/A: : 24it [00:06,  3.93it/s]
Readout Guidance Loss N/A: : 25it [00:07,  3.96it/s]
Readout Guidance Loss N/A: : 25it [00:07,  3.96it/s]
Readout Guidance Loss N/A: : 26it [00:07,  3.97it/s]
Readout Guidance Loss N/A: : 26it [00:07,  3.97it/s]
Readout Guidance Loss N/A: : 27it [00:07,  3.98it/s]
Readout Guidance Loss N/A: : 27it [00:07,  3.98it/s]
Readout Guidance Loss N/A: : 28it [00:07,  3.98it/s]
Readout Guidance Loss N/A: : 28it [00:07,  3.98it/s]
Readout Guidance Loss N/A: : 29it [00:08,  4.00it/s]
Readout Guidance Loss N/A: : 29it [00:08,  4.00it/s]
Readout Guidance Loss N/A: : 30it [00:08,  3.96it/s]
Readout Guidance Loss N/A: : 30it [00:08,  3.96it/s]
Readout Guidance Loss N/A: : 31it [00:08,  3.70it/s]
Readout Guidance Loss N/A: : 31it [00:08,  3.70it/s]
Readout Guidance Loss N/A: : 32it [00:08,  3.41it/s]
Readout Guidance Loss N/A: : 32it [00:08,  3.41it/s]
Readout Guidance Loss N/A: : 33it [00:09,  3.23it/s]
Readout Guidance Loss N/A: : 33it [00:09,  3.23it/s]
Readout Guidance Loss N/A: : 34it [00:09,  3.10it/s]
Readout Guidance Loss N/A: : 34it [00:09,  3.10it/s]
Readout Guidance Loss N/A: : 35it [00:09,  3.00it/s]
Readout Guidance Loss N/A: : 35it [00:10,  3.00it/s]
Readout Guidance Loss N/A: : 36it [00:10,  2.96it/s]
Readout Guidance Loss N/A: : 36it [00:10,  2.96it/s]
Readout Guidance Loss N/A: : 37it [00:10,  2.76it/s]
Readout Guidance Loss N/A: : 37it [00:10,  2.76it/s]
Readout Guidance Loss N/A: : 38it [00:11,  3.03it/s]
Readout Guidance Loss N/A: : 38it [00:11,  3.03it/s]
Readout Guidance Loss N/A: : 39it [00:11,  3.25it/s]
Readout Guidance Loss N/A: : 39it [00:11,  3.25it/s]
Readout Guidance Loss N/A: : 40it [00:11,  3.40it/s]
Readout Guidance Loss N/A: : 40it [00:11,  3.40it/s]
Readout Guidance Loss N/A: : 41it [00:11,  3.21it/s]
Readout Guidance Loss N/A: : 41it [00:11,  3.21it/s]
Readout Guidance Loss N/A: : 42it [00:12,  3.40it/s]
Readout Guidance Loss N/A: : 42it [00:12,  3.40it/s]
Readout Guidance Loss N/A: : 43it [00:12,  3.55it/s]
Readout Guidance Loss N/A: : 43it [00:12,  3.55it/s]
Readout Guidance Loss N/A: : 44it [00:12,  3.65it/s]
Readout Guidance Loss N/A: : 44it [00:12,  3.65it/s]
Readout Guidance Loss N/A: : 45it [00:12,  3.74it/s]
Readout Guidance Loss N/A: : 45it [00:12,  3.74it/s]
Readout Guidance Loss N/A: : 46it [00:13,  3.81it/s]
Readout Guidance Loss N/A: : 46it [00:13,  3.81it/s]
Readout Guidance Loss N/A: : 47it [00:13,  3.61it/s]
Readout Guidance Loss N/A: : 47it [00:13,  3.61it/s]
Readout Guidance Loss N/A: : 48it [00:13,  3.33it/s]
Readout Guidance Loss N/A: : 48it [00:13,  3.33it/s]
Readout Guidance Loss N/A: : 49it [00:14,  3.14it/s]
Readout Guidance Loss N/A: : 49it [00:14,  3.14it/s]
Readout Guidance Loss N/A: : 50it [00:14,  3.02it/s]
Readout Guidance Loss N/A: : 50it [00:14,  3.02it/s]
Readout Guidance Loss N/A: : 51it [00:14,  2.79it/s]
Readout Guidance Loss N/A: : 51it [00:14,  2.79it/s]
Readout Guidance Loss N/A: : 52it [00:15,  2.79it/s]
Readout Guidance Loss N/A: : 52it [00:15,  2.79it/s]
Readout Guidance Loss N/A: : 53it [00:15,  2.80it/s]
Readout Guidance Loss N/A: : 53it [00:15,  2.80it/s]
Readout Guidance Loss N/A: : 54it [00:16,  2.80it/s]
Readout Guidance Loss N/A: : 54it [00:16,  2.80it/s]
Readout Guidance Loss N/A: : 55it [00:16,  2.81it/s]
Readout Guidance Loss N/A: : 55it [00:16,  2.81it/s]
Readout Guidance Loss N/A: : 56it [00:16,  2.82it/s]
Readout Guidance Loss N/A: : 56it [00:16,  2.82it/s]
Readout Guidance Loss N/A: : 57it [00:17,  2.82it/s]
Readout Guidance Loss N/A: : 57it [00:17,  2.82it/s]
Readout Guidance Loss N/A: : 58it [00:17,  2.82it/s]
Readout Guidance Loss N/A: : 58it [00:17,  2.82it/s]
Readout Guidance Loss N/A: : 59it [00:17,  2.83it/s]
Readout Guidance Loss N/A: : 59it [00:17,  2.83it/s]
Readout Guidance Loss N/A: : 60it [00:18,  2.82it/s]
Readout Guidance Loss N/A: : 60it [00:18,  2.82it/s]
Readout Guidance Loss N/A: : 61it [00:18,  2.68it/s]
Readout Guidance Loss N/A: : 61it [00:18,  2.68it/s]
Readout Guidance Loss N/A: : 62it [00:18,  2.73it/s]
Readout Guidance Loss N/A: : 62it [00:18,  2.73it/s]
Readout Guidance Loss N/A: : 63it [00:19,  2.76it/s]
Readout Guidance Loss N/A: : 63it [00:19,  2.76it/s]
Readout Guidance Loss N/A: : 64it [00:19,  2.79it/s]
Readout Guidance Loss N/A: : 64it [00:19,  2.79it/s]
Readout Guidance Loss N/A: : 65it [00:19,  2.80it/s]
Readout Guidance Loss N/A: : 65it [00:20,  2.80it/s]
Readout Guidance Loss N/A: : 66it [00:20,  2.79it/s]
Readout Guidance Loss N/A: : 66it [00:20,  2.79it/s]
Readout Guidance Loss N/A: : 67it [00:20,  2.80it/s]
Readout Guidance Loss N/A: : 67it [00:20,  2.80it/s]
Readout Guidance Loss N/A: : 68it [00:21,  2.81it/s]
Readout Guidance Loss N/A: : 68it [00:21,  2.81it/s]
Readout Guidance Loss N/A: : 69it [00:21,  2.78it/s]
Readout Guidance Loss N/A: : 69it [00:21,  2.78it/s]
Readout Guidance Loss N/A: : 70it [00:21,  2.80it/s]
Readout Guidance Loss N/A: : 70it [00:21,  2.80it/s]
Readout Guidance Loss N/A: : 71it [00:22,  2.65it/s]
Readout Guidance Loss N/A: : 71it [00:22,  2.65it/s]
Readout Guidance Loss N/A: : 72it [00:22,  2.70it/s]
Readout Guidance Loss N/A: : 72it [00:22,  2.70it/s]
Readout Guidance Loss N/A: : 73it [00:22,  2.74it/s]
Readout Guidance Loss N/A: : 73it [00:22,  2.74it/s]
Readout Guidance Loss N/A: : 74it [00:23,  2.77it/s]
Readout Guidance Loss N/A: : 74it [00:23,  2.77it/s]
Readout Guidance Loss N/A: : 75it [00:23,  2.80it/s]
Readout Guidance Loss N/A: : 75it [00:23,  2.80it/s]
Readout Guidance Loss N/A: : 76it [00:23,  2.82it/s]
Readout Guidance Loss N/A: : 76it [00:23,  2.82it/s]
Readout Guidance Loss N/A: : 77it [00:24,  2.83it/s]
Readout Guidance Loss N/A: : 77it [00:24,  2.83it/s]
Readout Guidance Loss N/A: : 78it [00:24,  2.84it/s]
Readout Guidance Loss N/A: : 78it [00:24,  2.84it/s]
Readout Guidance Loss N/A: : 79it [00:24,  2.84it/s]
Readout Guidance Loss N/A: : 79it [00:25,  2.84it/s]
Readout Guidance Loss N/A: : 80it [00:25,  2.84it/s]
Readout Guidance Loss N/A: : 80it [00:25,  2.84it/s]
Readout Guidance Loss N/A: : 81it [00:25,  2.71it/s]
Readout Guidance Loss N/A: : 81it [00:25,  2.71it/s]
Readout Guidance Loss N/A: : 82it [00:26,  2.75it/s]
Readout Guidance Loss N/A: : 82it [00:26,  2.75it/s]
Readout Guidance Loss N/A: : 83it [00:26,  2.78it/s]
Readout Guidance Loss N/A: : 83it [00:26,  2.78it/s]
Readout Guidance Loss N/A: : 84it [00:26,  2.80it/s]
Readout Guidance Loss N/A: : 84it [00:26,  2.80it/s]
Readout Guidance Loss N/A: : 85it [00:27,  2.81it/s]
Readout Guidance Loss N/A: : 85it [00:27,  2.81it/s]
Readout Guidance Loss N/A: : 86it [00:27,  2.81it/s]
Readout Guidance Loss N/A: : 86it [00:27,  2.81it/s]
Readout Guidance Loss N/A: : 87it [00:27,  2.82it/s]
Readout Guidance Loss N/A: : 87it [00:27,  2.82it/s]
Readout Guidance Loss N/A: : 88it [00:28,  2.83it/s]
Readout Guidance Loss N/A: : 88it [00:28,  2.83it/s]
Readout Guidance Loss N/A: : 89it [00:28,  2.84it/s]
Readout Guidance Loss N/A: : 89it [00:28,  2.84it/s]
Readout Guidance Loss N/A: : 90it [00:28,  2.84it/s]
Readout Guidance Loss N/A: : 90it [00:28,  2.84it/s]
Readout Guidance Loss N/A: : 91it [00:29,  2.70it/s]
Readout Guidance Loss N/A: : 91it [00:29,  2.70it/s]
Readout Guidance Loss N/A: : 92it [00:29,  2.72it/s]
Readout Guidance Loss N/A: : 92it [00:29,  2.72it/s]
Readout Guidance Loss N/A: : 93it [00:30,  2.73it/s]
Readout Guidance Loss N/A: : 93it [00:30,  2.73it/s]
Readout Guidance Loss N/A: : 94it [00:30,  2.77it/s]
Readout Guidance Loss N/A: : 94it [00:30,  2.77it/s]
Readout Guidance Loss N/A: : 95it [00:30,  2.78it/s]
Readout Guidance Loss N/A: : 95it [00:30,  2.78it/s]
Readout Guidance Loss N/A: : 96it [00:31,  2.78it/s]
Readout Guidance Loss N/A: : 96it [00:31,  2.78it/s]
Readout Guidance Loss N/A: : 97it [00:31,  2.80it/s]
Readout Guidance Loss N/A: : 97it [00:31,  2.80it/s]
Readout Guidance Loss N/A: : 98it [00:31,  2.81it/s]
Readout Guidance Loss N/A: : 98it [00:31,  2.81it/s]
Readout Guidance Loss N/A: : 99it [00:32,  2.82it/s]
Readout Guidance Loss N/A: : 99it [00:32,  2.82it/s]
Readout Guidance Loss N/A: : 100it [00:32,  2.83it/s]
Readout Guidance Loss N/A: : 100it [00:32,  3.08it/s]

0it [00:00, ?it/s]/home/hepe00001/readout_guidance/dhf/aggregation_network.py:219: UserWarning: Implicit dimension choice for softmax has been deprecated. Change the call to include dim=X as an argument.
  mixing_weights = torch.nn.functional.softmax(self.mixing_weights)

Readout Guidance Loss 0.13832494616508484: : 0it [00:03, ?it/s]
Readout Guidance Loss 0.13832494616508484: : 1it [00:04,  4.24s/it]
Readout Guidance Loss 0.21781231462955475: : 1it [00:05,  4.24s/it]
Readout Guidance Loss 0.21781231462955475: : 2it [00:05,  2.70s/it]
Readout Guidance Loss 0.15183943510055542: : 2it [00:07,  2.70s/it]
Readout Guidance Loss 0.15183943510055542: : 3it [00:07,  2.27s/it]
Readout Guidance Loss 0.2200942486524582: : 3it [00:08,  2.27s/it] 
Readout Guidance Loss 0.2200942486524582: : 4it [00:09,  1.96s/it]
Readout Guidance Loss 0.15596526861190796: : 4it [00:10,  1.96s/it]
Readout Guidance Loss 0.15596526861190796: : 5it [00:10,  1.83s/it]
Readout Guidance Loss 0.19107761979103088: : 5it [00:11,  1.83s/it]
Readout Guidance Loss 0.19107761979103088: : 6it [00:12,  1.72s/it]
Readout Guidance Loss 0.18448109924793243: : 6it [00:13,  1.72s/it]
Readout Guidance Loss 0.18448109924793243: : 7it [00:13,  1.67s/it]
Readout Guidance Loss 0.1682227998971939: : 7it [00:15,  1.67s/it] 
Readout Guidance Loss 0.1682227998971939: : 8it [00:15,  1.65s/it]
Readout Guidance Loss 0.19747616350650787: : 8it [00:16,  1.65s/it]
Readout Guidance Loss 0.19747616350650787: : 9it [00:16,  1.63s/it]
Readout Guidance Loss 0.16983772814273834: : 9it [00:18,  1.63s/it]
Readout Guidance Loss 0.16983772814273834: : 10it [00:18,  1.63s/it]
Readout Guidance Loss 0.20950797200202942: : 10it [00:19,  1.63s/it]
Readout Guidance Loss 0.20950797200202942: : 11it [00:20,  1.63s/it]
Readout Guidance Loss 0.1849023401737213: : 11it [00:21,  1.63s/it] 
Readout Guidance Loss 0.1849023401737213: : 12it [00:21,  1.62s/it]
Readout Guidance Loss 0.19593103229999542: : 12it [00:23,  1.62s/it]
Readout Guidance Loss 0.19593103229999542: : 13it [00:23,  1.61s/it]
Readout Guidance Loss 0.22334152460098267: : 13it [00:24,  1.61s/it]
Readout Guidance Loss 0.22334152460098267: : 14it [00:24,  1.57s/it]
Readout Guidance Loss 0.20859158039093018: : 14it [00:26,  1.57s/it]
Readout Guidance Loss 0.20859158039093018: : 15it [00:26,  1.57s/it]
Readout Guidance Loss 0.2416226863861084: : 15it [00:27,  1.57s/it] 
Readout Guidance Loss 0.2416226863861084: : 16it [00:27,  1.54s/it]
Readout Guidance Loss 0.2320147007703781: : 16it [00:29,  1.54s/it]
Readout Guidance Loss 0.2320147007703781: : 17it [00:29,  1.55s/it]
Readout Guidance Loss 0.2590263783931732: : 17it [00:30,  1.55s/it]
Readout Guidance Loss 0.2590263783931732: : 18it [00:31,  1.56s/it]
Readout Guidance Loss 0.25959402322769165: : 18it [00:32,  1.56s/it]
Readout Guidance Loss 0.25959402322769165: : 19it [00:32,  1.57s/it]
Readout Guidance Loss 0.24461141228675842: : 19it [00:33,  1.57s/it]
Readout Guidance Loss 0.24461141228675842: : 20it [00:34,  1.57s/it]
Readout Guidance Loss 0.25966209173202515: : 20it [00:35,  1.57s/it]
Readout Guidance Loss 0.25966209173202515: : 21it [00:36,  1.63s/it]
Readout Guidance Loss 0.24665960669517517: : 21it [00:37,  1.63s/it]
Readout Guidance Loss 0.24665960669517517: : 22it [00:37,  1.60s/it]
Readout Guidance Loss 0.2538236677646637: : 22it [00:38,  1.60s/it] 
Readout Guidance Loss 0.2538236677646637: : 23it [00:39,  1.62s/it]
Readout Guidance Loss 0.26052358746528625: : 23it [00:40,  1.62s/it]
Readout Guidance Loss 0.26052358746528625: : 24it [00:40,  1.58s/it]
Readout Guidance Loss 0.25101831555366516: : 24it [00:41,  1.58s/it]
Readout Guidance Loss 0.25101831555366516: : 25it [00:42,  1.55s/it]
Readout Guidance Loss 0.24637234210968018: : 25it [00:43,  1.55s/it]
Readout Guidance Loss 0.24637234210968018: : 26it [00:43,  1.53s/it]
Readout Guidance Loss 0.22515912353992462: : 26it [00:44,  1.53s/it]
Readout Guidance Loss 0.22515912353992462: : 27it [00:45,  1.51s/it]
Readout Guidance Loss 0.23740927875041962: : 27it [00:46,  1.51s/it]
Readout Guidance Loss 0.23740927875041962: : 28it [00:46,  1.51s/it]
Readout Guidance Loss 0.21412760019302368: : 28it [00:47,  1.51s/it]
Readout Guidance Loss 0.21412760019302368: : 29it [00:48,  1.50s/it]
Readout Guidance Loss 0.25462013483047485: : 29it [00:49,  1.50s/it]
Readout Guidance Loss 0.25462013483047485: : 30it [00:49,  1.49s/it]
Readout Guidance Loss 0.21197205781936646: : 30it [00:50,  1.49s/it]
Readout Guidance Loss 0.21197205781936646: : 31it [00:51,  1.56s/it]
Readout Guidance Loss 0.224274680018425: : 31it [00:52,  1.56s/it]  
Readout Guidance Loss 0.224274680018425: : 32it [00:52,  1.56s/it]
Readout Guidance Loss 0.20923900604248047: : 32it [00:54,  1.56s/it]
Readout Guidance Loss 0.20923900604248047: : 33it [00:54,  1.57s/it]
Readout Guidance Loss 0.19321121275424957: : 33it [00:55,  1.57s/it]
Readout Guidance Loss 0.19321121275424957: : 34it [00:56,  1.58s/it]
Readout Guidance Loss 0.21644073724746704: : 34it [00:57,  1.58s/it]
Readout Guidance Loss 0.21644073724746704: : 35it [00:57,  1.55s/it]
Readout Guidance Loss 0.18571949005126953: : 35it [00:58,  1.55s/it]
Readout Guidance Loss 0.18571949005126953: : 36it [00:59,  1.56s/it]
Readout Guidance Loss 0.19571498036384583: : 36it [01:00,  1.56s/it]
Readout Guidance Loss 0.19571498036384583: : 37it [01:00,  1.56s/it]
Readout Guidance Loss 0.1907392293214798: : 37it [01:01,  1.56s/it] 
Readout Guidance Loss 0.1907392293214798: : 38it [01:02,  1.57s/it]
Readout Guidance Loss 0.18033552169799805: : 38it [01:03,  1.57s/it]
Readout Guidance Loss 0.18033552169799805: : 39it [01:03,  1.57s/it]
Readout Guidance Loss 0.1760871708393097: : 39it [01:05,  1.57s/it] 
Readout Guidance Loss 0.1760871708393097: : 40it [01:05,  1.55s/it]
Readout Guidance Loss 0.17719265818595886: : 40it [01:06,  1.55s/it]
Readout Guidance Loss 0.17719265818595886: : 41it [01:07,  1.62s/it]
Readout Guidance Loss 0.16042131185531616: : 41it [01:08,  1.62s/it]
Readout Guidance Loss 0.16042131185531616: : 42it [01:08,  1.58s/it]
Readout Guidance Loss 0.15842756628990173: : 42it [01:09,  1.58s/it]
Readout Guidance Loss 0.15842756628990173: : 43it [01:10,  1.55s/it]
Readout Guidance Loss 0.14783678948879242: : 43it [01:11,  1.55s/it]
Readout Guidance Loss 0.14783678948879242: : 44it [01:11,  1.53s/it]
Readout Guidance Loss 0.13835196197032928: : 44it [01:12,  1.53s/it]
Readout Guidance Loss 0.13835196197032928: : 45it [01:13,  1.52s/it]
Readout Guidance Loss 0.1432701200246811: : 45it [01:14,  1.52s/it] 
Readout Guidance Loss 0.1432701200246811: : 46it [01:14,  1.51s/it]
Readout Guidance Loss 0.13915640115737915: : 46it [01:15,  1.51s/it]
Readout Guidance Loss 0.13915640115737915: : 47it [01:16,  1.51s/it]
Readout Guidance Loss 0.12434667348861694: : 47it [01:17,  1.51s/it]
Readout Guidance Loss 0.12434667348861694: : 48it [01:17,  1.50s/it]
Readout Guidance Loss 0.1531296968460083: : 48it [01:18,  1.50s/it] 
Readout Guidance Loss 0.1531296968460083: : 49it [01:19,  1.50s/it]
Readout Guidance Loss 0.12309480458498001: : 49it [01:20,  1.50s/it]
Readout Guidance Loss 0.12309480458498001: : 50it [01:20,  1.49s/it]
Readout Guidance Loss N/A: : 50it [01:20,  1.49s/it]                
Readout Guidance Loss N/A: : 51it [01:20,  1.18s/it]
Readout Guidance Loss N/A: : 51it [01:21,  1.18s/it]
Readout Guidance Loss N/A: : 52it [01:21,  1.08it/s]
Readout Guidance Loss N/A: : 52it [01:21,  1.08it/s]
Readout Guidance Loss N/A: : 53it [01:21,  1.34it/s]
Readout Guidance Loss N/A: : 53it [01:21,  1.34it/s]
Readout Guidance Loss N/A: : 54it [01:21,  1.61it/s]
Readout Guidance Loss N/A: : 54it [01:22,  1.61it/s]
Readout Guidance Loss N/A: : 55it [01:22,  1.87it/s]
Readout Guidance Loss N/A: : 55it [01:22,  1.87it/s]
Readout Guidance Loss N/A: : 56it [01:22,  2.12it/s]
Readout Guidance Loss N/A: : 56it [01:22,  2.12it/s]
Readout Guidance Loss N/A: : 57it [01:22,  2.33it/s]
Readout Guidance Loss N/A: : 57it [01:23,  2.33it/s]
Readout Guidance Loss N/A: : 58it [01:23,  2.51it/s]
Readout Guidance Loss N/A: : 58it [01:23,  2.51it/s]
Readout Guidance Loss N/A: : 59it [01:23,  2.64it/s]
Readout Guidance Loss N/A: : 59it [01:23,  2.64it/s]
Readout Guidance Loss N/A: : 60it [01:23,  2.74it/s]
Readout Guidance Loss N/A: : 60it [01:24,  2.74it/s]
Readout Guidance Loss N/A: : 61it [01:24,  2.51it/s]
Readout Guidance Loss N/A: : 61it [01:24,  2.51it/s]
Readout Guidance Loss N/A: : 62it [01:24,  2.65it/s]
Readout Guidance Loss N/A: : 62it [01:24,  2.65it/s]
Readout Guidance Loss N/A: : 63it [01:25,  2.75it/s]
Readout Guidance Loss N/A: : 63it [01:25,  2.75it/s]
Readout Guidance Loss N/A: : 64it [01:25,  2.82it/s]
Readout Guidance Loss N/A: : 64it [01:25,  2.82it/s]
Readout Guidance Loss N/A: : 65it [01:25,  2.88it/s]
Readout Guidance Loss N/A: : 65it [01:25,  2.88it/s]
Readout Guidance Loss N/A: : 66it [01:26,  2.92it/s]
Readout Guidance Loss N/A: : 66it [01:26,  2.92it/s]
Readout Guidance Loss N/A: : 67it [01:26,  2.95it/s]
Readout Guidance Loss N/A: : 67it [01:26,  2.95it/s]
Readout Guidance Loss N/A: : 68it [01:26,  2.97it/s]
Readout Guidance Loss N/A: : 68it [01:26,  2.97it/s]
Readout Guidance Loss N/A: : 69it [01:27,  2.99it/s]
Readout Guidance Loss N/A: : 69it [01:27,  2.99it/s]
Readout Guidance Loss N/A: : 70it [01:27,  2.99it/s]
Readout Guidance Loss N/A: : 70it [01:27,  2.99it/s]
Readout Guidance Loss N/A: : 71it [01:27,  2.65it/s]
Readout Guidance Loss N/A: : 71it [01:28,  2.65it/s]
Readout Guidance Loss N/A: : 72it [01:28,  2.74it/s]
Readout Guidance Loss N/A: : 72it [01:28,  2.74it/s]
Readout Guidance Loss N/A: : 73it [01:28,  2.82it/s]
Readout Guidance Loss N/A: : 73it [01:28,  2.82it/s]
Readout Guidance Loss N/A: : 74it [01:28,  2.88it/s]
Readout Guidance Loss N/A: : 74it [01:29,  2.88it/s]
Readout Guidance Loss N/A: : 75it [01:29,  2.92it/s]
Readout Guidance Loss N/A: : 75it [01:29,  2.92it/s]
Readout Guidance Loss N/A: : 76it [01:29,  2.95it/s]
Readout Guidance Loss N/A: : 76it [01:29,  2.95it/s]
Readout Guidance Loss N/A: : 77it [01:29,  2.98it/s]
Readout Guidance Loss N/A: : 77it [01:30,  2.98it/s]
Readout Guidance Loss N/A: : 78it [01:30,  3.00it/s]
Readout Guidance Loss N/A: : 78it [01:30,  3.00it/s]
Readout Guidance Loss N/A: : 79it [01:30,  3.01it/s]
Readout Guidance Loss N/A: : 79it [01:30,  3.01it/s]
Readout Guidance Loss N/A: : 80it [01:30,  3.02it/s]
Readout Guidance Loss N/A: : 80it [01:31,  3.02it/s]
Readout Guidance Loss N/A: : 81it [01:31,  2.67it/s]
Readout Guidance Loss N/A: : 81it [01:31,  2.67it/s]
Readout Guidance Loss N/A: : 82it [01:31,  2.75it/s]
Readout Guidance Loss N/A: : 82it [01:31,  2.75it/s]
Readout Guidance Loss N/A: : 83it [01:32,  2.84it/s]
Readout Guidance Loss N/A: : 83it [01:32,  2.84it/s]
Readout Guidance Loss N/A: : 84it [01:32,  2.91it/s]
Readout Guidance Loss N/A: : 84it [01:32,  2.91it/s]
Readout Guidance Loss N/A: : 85it [01:32,  2.96it/s]
Readout Guidance Loss N/A: : 85it [01:32,  2.96it/s]
Readout Guidance Loss N/A: : 86it [01:32,  2.99it/s]
Readout Guidance Loss N/A: : 86it [01:33,  2.99it/s]
Readout Guidance Loss N/A: : 87it [01:33,  3.01it/s]
Readout Guidance Loss N/A: : 87it [01:33,  3.01it/s]
Readout Guidance Loss N/A: : 88it [01:33,  3.03it/s]
Readout Guidance Loss N/A: : 88it [01:33,  3.03it/s]
Readout Guidance Loss N/A: : 89it [01:33,  3.02it/s]
Readout Guidance Loss N/A: : 89it [01:34,  3.02it/s]
Readout Guidance Loss N/A: : 90it [01:34,  3.04it/s]
Readout Guidance Loss N/A: : 90it [01:34,  3.04it/s]
Readout Guidance Loss N/A: : 91it [01:34,  2.70it/s]
Readout Guidance Loss N/A: : 91it [01:34,  2.70it/s]
Readout Guidance Loss N/A: : 92it [01:35,  2.79it/s]
Readout Guidance Loss N/A: : 92it [01:35,  2.79it/s]
Readout Guidance Loss N/A: : 93it [01:35,  2.85it/s]
Readout Guidance Loss N/A: : 93it [01:35,  2.85it/s]
Readout Guidance Loss N/A: : 94it [01:35,  2.90it/s]
Readout Guidance Loss N/A: : 94it [01:35,  2.90it/s]
Readout Guidance Loss N/A: : 95it [01:36,  2.92it/s]
Readout Guidance Loss N/A: : 95it [01:36,  2.92it/s]
Readout Guidance Loss N/A: : 96it [01:36,  2.94it/s]
Readout Guidance Loss N/A: : 96it [01:36,  2.94it/s]
Readout Guidance Loss N/A: : 97it [01:36,  2.95it/s]
Readout Guidance Loss N/A: : 97it [01:36,  2.95it/s]
Readout Guidance Loss N/A: : 98it [01:37,  2.97it/s]
Readout Guidance Loss N/A: : 98it [01:37,  2.97it/s]
Readout Guidance Loss N/A: : 99it [01:37,  2.99it/s]
Readout Guidance Loss N/A: : 99it [01:37,  2.99it/s]
Readout Guidance Loss N/A: : 100it [01:37,  3.00it/s]
Readout Guidance Loss N/A: : 100it [01:37,  1.02it/s]
Traceback (most recent call last):
  File "/home/hepe00001/readout_guidance/demo_drag.py", line 216, in <module>
    predicted_frames = create_frames(
  File "/home/hepe00001/readout_guidance/script_drag.py", line 163, in create_frames
    images[0].save(os.path.join(output_dir, f"without_guidance.png"))
AttributeError: 'numpy.ndarray' object has no attribute 'save'

ERROR conda.cli.main_run:execute(125): `conda run bash -c 
  nvidia-smi
  echo $CUDA_VISIBLE_DEVICES
  echo $HOSTNAME
  which python
  python -m pip list
  python /home/hepe00001/readout_guidance/demo_drag.py 
  ` failed. (See above for error)
