
==========
== CUDA ==
==========

CUDA Version 12.1.1

Container image Copyright (c) 2016-2023, NVIDIA CORPORATION & AFFILIATES. All rights reserved.

This container image and its contents are governed by the NVIDIA Deep Learning Container License.
By pulling and using the container, you accept the terms and conditions of this license:
https://developer.nvidia.com/ngc/nvidia-deep-learning-container-license

A copy of this license is made available in this container at /NGC-DL-CONTAINER-LICENSE for your convenience.

home is /home/hepe00001
CONDA path is set to: /home/hepe00001/miniconda3/bin/conda
Attempting to run conda from: /home/hepe00001/miniconda3/bin/conda
Installing GLib in the Conda environment: readout_new
# packages in environment at /home/hepe00001/miniconda3/envs/readout_new:
#
# Name                    Version                   Build  Channel
_libgcc_mutex             0.1                        main    conda-forge
_openmp_mutex             5.1                       1_gnu  
absl-py                   2.1.0                    pypi_0    pypi
accelerate                0.23.0                   pypi_0    pypi
addict                    2.4.0                    pypi_0    pypi
aiofiles                  24.1.0                   pypi_0    pypi
aiohappyeyeballs          2.4.3                    pypi_0    pypi
aiohttp                   3.10.10                  pypi_0    pypi
aiosignal                 1.3.1                    pypi_0    pypi
albumentations            1.3.0                    pypi_0    pypi
alsa-lib                  1.2.3.2              h166bdaf_0    conda-forge
altair                    5.4.1                    pypi_0    pypi
annotated-types           0.7.0                    pypi_0    pypi
antlr4-python3-runtime    4.8                      pypi_0    pypi
anyio                     4.5.2                    pypi_0    pypi
appdirs                   1.4.4                    pypi_0    pypi
asttokens                 2.4.1                    pypi_0    pypi
async-timeout             4.0.3                    pypi_0    pypi
attrs                     24.2.0                   pypi_0    pypi
backcall                  0.2.0              pyhd3eb1b0_0  
backports-zoneinfo        0.2.1                    pypi_0    pypi
basicsr                   1.4.2                    pypi_0    pypi
bitsandbytes              0.41.1                   pypi_0    pypi
blas                      1.0                         mkl    conda-forge
blinker                   1.8.2                    pypi_0    pypi
braceexpand               0.1.7                    pypi_0    pypi
brotli                    1.0.9                h5eee18b_9  
brotli-bin                1.0.9                h5eee18b_9  
brotli-python             1.0.9            py38h6a678d5_8  
bzip2                     1.0.8                h5eee18b_6  
ca-certificates           2024.12.31           h06a4308_0  
cachetools                5.5.0                    pypi_0    pypi
certifi                   2024.8.30        py38h06a4308_0  
charset-normalizer        3.3.2              pyhd3eb1b0_0  
click                     8.1.7                    pypi_0    pypi
cmake                     3.30.5                   pypi_0    pypi
comm                      0.2.2                    pypi_0    pypi
contourpy                 1.1.1                    pypi_0    pypi
cudatoolkit               11.3.1               h2bc3f7f_2  
cycler                    0.12.1                   pypi_0    pypi
dbus                      1.13.18              hb2f20db_0  
debugpy                   1.8.7                    pypi_0    pypi
decorator                 5.1.1              pyhd3eb1b0_0  
diffusers                 0.21.0                   pypi_0    pypi
docker-pycreds            0.4.0                    pypi_0    pypi
einops                    0.3.0                    pypi_0    pypi
exceptiongroup            1.2.2                    pypi_0    pypi
executing                 2.1.0                    pypi_0    pypi
expat                     2.6.4                h6a678d5_0  
fastapi                   0.115.4                  pypi_0    pypi
ffmpeg                    4.3                  hf484d3e_0    pytorch
ffmpy                     0.4.0                    pypi_0    pypi
filelock                  3.16.1                   pypi_0    pypi
fontconfig                2.14.0               h8e229c2_0    conda-forge
fonttools                 4.54.1                   pypi_0    pypi
freetype                  2.12.1               h4a9f257_0  
frozenlist                1.5.0                    pypi_0    pypi
fsspec                    2024.10.0                pypi_0    pypi
ftfy                      6.2.3                    pypi_0    pypi
future                    1.0.0                    pypi_0    pypi
fvcore                    0.1.5.post20221221          pypi_0    pypi
gettext                   0.19.8.1          h0b5b191_1005    conda-forge
gitdb                     4.0.11                   pypi_0    pypi
gitpython                 3.1.43                   pypi_0    pypi
glib                      2.68.4               h9c3ff4c_0    conda-forge
glib-tools                2.68.4               h9c3ff4c_0    conda-forge
gmp                       6.2.1                h295c915_3  
gnutls                    3.6.15               he1e5248_0  
google-auth               2.35.0                   pypi_0    pypi
google-auth-oauthlib      1.0.0                    pypi_0    pypi
gradio                    3.16.2                   pypi_0    pypi
grpcio                    1.67.1                   pypi_0    pypi
gst-plugins-base          1.18.5               hf529b03_0    conda-forge
gstreamer                 1.18.5               h76c114f_0    conda-forge
h11                       0.14.0                   pypi_0    pypi
httpcore                  1.0.6                    pypi_0    pypi
httpx                     0.27.2                   pypi_0    pypi
huggingface-hub           0.26.2                   pypi_0    pypi
icu                       68.1                 h2531618_0  
idna                      3.7              py38h06a4308_0  
imageio                   2.9.0                    pypi_0    pypi
imageio-ffmpeg            0.4.2                    pypi_0    pypi
importlib-metadata        8.5.0                    pypi_0    pypi
importlib-resources       6.4.5                    pypi_0    pypi
importlib_resources       6.4.0            py38h06a4308_0  
intel-openmp              2021.4.0          h06a4308_3561  
invisible-watermark       0.2.0                    pypi_0    pypi
iopath                    0.1.10                   pypi_0    pypi
ipykernel                 6.24.0                   pypi_0    pypi
ipympl                    0.9.3                    pypi_0    pypi
ipython                   8.12.3                   pypi_0    pypi
ipython-genutils          0.2.0                    pypi_0    pypi
ipywidgets                8.1.5                    pypi_0    pypi
jedi                      0.19.1           py38h06a4308_0  
jinja2                    3.1.4                    pypi_0    pypi
joblib                    1.4.2                    pypi_0    pypi
jpeg                      9e                   h5eee18b_3  
jsonschema                4.23.0                   pypi_0    pypi
jsonschema-specifications 2023.12.1                pypi_0    pypi
jupyter-client            8.6.3                    pypi_0    pypi
jupyter-core              5.7.2                    pypi_0    pypi
jupyterlab-widgets        3.0.13                   pypi_0    pypi
kernel-headers_linux-64   2.6.32              he073ed8_17    conda-forge
kiwisolver                1.4.7                    pypi_0    pypi
kornia                    0.6.0                    pypi_0    pypi
krb5                      1.19.4               h568e23c_0  
lame                      3.100                h7b6447c_0  
lazy-loader               0.4                      pypi_0    pypi
lcms2                     2.12                 h3be6417_0  
ld_impl_linux-64          2.40                 h12ee557_0  
lerc                      3.0                  h295c915_0  
libbrotlicommon           1.0.9                h5eee18b_9  
libbrotlidec              1.0.9                h5eee18b_9  
libbrotlienc              1.0.9                h5eee18b_9  
libclang                  11.1.0          default_ha53f305_1    conda-forge
libdeflate                1.17                 h5eee18b_1  
libedit                   3.1.20230828         h5eee18b_0  
libevent                  2.1.10               h9b69904_4    conda-forge
libffi                    3.3                  he6710b0_2  
libgcc-ng                 11.2.0               h1234567_1  
libglib                   2.68.4               h3e27bee_0    conda-forge
libgomp                   11.2.0               h1234567_1  
libiconv                  1.16                 h5eee18b_3  
libidn2                   2.3.4                h5eee18b_0  
libllvm11                 11.1.0               h9e868ea_6  
libogg                    1.3.5                h27cfd23_1  
libopus                   1.3.1                h5eee18b_1  
libpng                    1.6.39               h5eee18b_0  
libpq                     13.3                 hd57d9b9_0    conda-forge
libstdcxx-ng              11.2.0               h1234567_1  
libtasn1                  4.19.0               h5eee18b_0  
libtiff                   4.5.1                h6a678d5_0  
libunistring              0.9.10               h27cfd23_0  
libuuid                   2.32.1            h7f98852_1000    conda-forge
libvorbis                 1.3.7                h7b6447c_0  
libwebp-base              1.3.2                h5eee18b_1  
libxau-cos6-x86_64        1.0.6             h9b0a68f_1105    conda-forge
libxcb                    1.15                 h7f8727e_0  
libxkbcommon              1.0.3                he3ba5ed_0    conda-forge
libxml2                   2.9.12               h72842e0_0    conda-forge
linkify-it-py             2.0.3                    pypi_0    pypi
lit                       18.1.8                   pypi_0    pypi
lmdb                      1.5.1                    pypi_0    pypi
lz4-c                     1.9.4                h6a678d5_1  
markdown                  3.7                      pypi_0    pypi
markdown-it-py            3.0.0                    pypi_0    pypi
markupsafe                2.1.5                    pypi_0    pypi
matplotlib                3.7.5                    pypi_0    pypi
matplotlib-base           3.7.2            py38h1128e8f_0  
matplotlib-inline         0.1.7                    pypi_0    pypi
mdit-py-plugins           0.4.2                    pypi_0    pypi
mdurl                     0.1.2                    pypi_0    pypi
mediapy                   1.1.8                    pypi_0    pypi
mkl                       2021.4.0           h06a4308_640  
mkl-service               2.4.0            py38h7f8727e_0  
mkl_fft                   1.3.1            py38hd3c417c_0  
mkl_random                1.2.2            py38h51133e4_0  
mpmath                    1.3.0                    pypi_0    pypi
multidict                 6.1.0                    pypi_0    pypi
mypy-extensions           1.0.0                    pypi_0    pypi
mysql-common              8.0.25               ha770c72_2    conda-forge
mysql-libs                8.0.25               hfa10184_2    conda-forge
narwhals                  1.13.2                   pypi_0    pypi
ncurses                   6.4                  h6a678d5_0  
nest-asyncio              1.6.0                    pypi_0    pypi
nettle                    3.7.3                hbbd107a_1  
networkx                  3.1                      pypi_0    pypi
nspr                      4.35                 h6a678d5_0  
nss                       3.89.1               h6a678d5_0  
numpy                     1.23.1           py38h6c91a56_0  
numpy-base                1.23.1           py38ha15fc14_0  
nvidia-cublas-cu11        11.10.3.66               pypi_0    pypi
nvidia-cuda-cupti-cu11    11.7.101                 pypi_0    pypi
nvidia-cuda-nvrtc-cu11    11.7.99                  pypi_0    pypi
nvidia-cuda-runtime-cu11  11.7.99                  pypi_0    pypi
nvidia-cudnn-cu11         8.5.0.96                 pypi_0    pypi
nvidia-cufft-cu11         10.9.0.58                pypi_0    pypi
nvidia-curand-cu11        10.2.10.91               pypi_0    pypi
nvidia-cusolver-cu11      11.4.0.1                 pypi_0    pypi
nvidia-cusparse-cu11      11.7.4.91                pypi_0    pypi
nvidia-nccl-cu11          2.14.3                   pypi_0    pypi
nvidia-nvtx-cu11          11.7.91                  pypi_0    pypi
oauthlib                  3.2.2                    pypi_0    pypi
omegaconf                 2.1.1                    pypi_0    pypi
open-clip-torch           2.0.2                    pypi_0    pypi
opencv-contrib-python     4.3.0.36                 pypi_0    pypi
opencv-python             4.10.0.84                pypi_0    pypi
opencv-python-headless    4.10.0.84                pypi_0    pypi
openh264                  2.1.1                h4ff587b_0  
openjpeg                  2.5.2                he7f1fd0_0  
openssl                   1.1.1w               h7f8727e_0  
orjson                    3.10.11                  pypi_0    pypi
packaging                 24.1             py38h06a4308_0  
pandas                    2.0.3                    pypi_0    pypi
parso                     0.8.4                    pypi_0    pypi
pathtools                 0.1.2                    pypi_0    pypi
pcre                      8.45                 h9c3ff4c_0    conda-forge
pexpect                   4.9.0                    pypi_0    pypi
pickleshare               0.7.5           pyhd3eb1b0_1003  
pillow                    10.4.0           py38h5eee18b_0  
pip                       20.3.3           py38h06a4308_0  
pkgutil-resolve-name      1.3.10                   pypi_0    pypi
platformdirs              4.3.6                    pypi_0    pypi
portalocker               2.10.1                   pypi_0    pypi
prettytable               3.6.0                    pypi_0    pypi
prompt-toolkit            3.0.48                   pypi_0    pypi
propcache                 0.2.0                    pypi_0    pypi
protobuf                  3.20.3                   pypi_0    pypi
psutil                    6.1.0                    pypi_0    pypi
ptyprocess                0.7.0              pyhd3eb1b0_2  
pure-eval                 0.2.3                    pypi_0    pypi
pure_eval                 0.2.2              pyhd3eb1b0_0  
pyarrow                   17.0.0                   pypi_0    pypi
pyasn1                    0.6.1                    pypi_0    pypi
pyasn1-modules            0.4.1                    pypi_0    pypi
pycryptodome              3.21.0                   pypi_0    pypi
pydantic                  2.9.2                    pypi_0    pypi
pydantic-core             2.23.4                   pypi_0    pypi
pydeck                    0.9.1                    pypi_0    pypi
pydeprecate               0.3.1                    pypi_0    pypi
pydub                     0.25.1                   pypi_0    pypi
pygments                  2.18.0                   pypi_0    pypi
pympler                   1.1                      pypi_0    pypi
pyparsing                 3.1.4                    pypi_0    pypi
pyqt                      5.12.3           py38h578d9bd_8    conda-forge
pyqt-impl                 5.12.3           py38h0ffb2e6_8    conda-forge
pyqt5-sip                 4.19.18          py38h709712a_8    conda-forge
pyqtchart                 5.12             py38h7400c14_8    conda-forge
pyqtwebengine             5.12.1           py38h7400c14_8    conda-forge
pyre-extensions           0.0.29                   pypi_0    pypi
pysocks                   1.7.1            py38h06a4308_0  
python                    3.8.5                h7579374_1  
python-dateutil           2.9.0post0       py38h06a4308_2  
python-multipart          0.0.17                   pypi_0    pypi
python_abi                3.8                      2_cp38    conda-forge
pytorch-lightning         1.5.0                    pypi_0    pypi
pytorch-mutex             1.0                        cuda    pytorch
pytz                      2024.2                   pypi_0    pypi
pywavelets                1.4.1                    pypi_0    pypi
pyyaml                    6.0.2                    pypi_0    pypi
pyzmq                     26.2.0                   pypi_0    pypi
qt                        5.12.9               hda022c4_4    conda-forge
qudida                    0.0.4                    pypi_0    pypi
readline                  8.2                  h5eee18b_0  
referencing               0.35.1                   pypi_0    pypi
regex                     2024.9.11                pypi_0    pypi
requests                  2.32.3           py38h06a4308_0  
requests-oauthlib         2.0.0                    pypi_0    pypi
rich                      13.9.4                   pypi_0    pypi
rpds-py                   0.20.1                   pypi_0    pypi
rsa                       4.9                      pypi_0    pypi
safetensors               0.3.2                    pypi_0    pypi
scikit-image              0.20.0                   pypi_0    pypi
scikit-learn              1.3.2                    pypi_0    pypi
scipy                     1.9.1                    pypi_0    pypi
semver                    3.0.2                    pypi_0    pypi
sentry-sdk                2.18.0                   pypi_0    pypi
setproctitle              1.3.3                    pypi_0    pypi
setuptools                75.1.0           py38h06a4308_0  
six                       1.16.0             pyhd3eb1b0_1  
smmap                     5.0.1                    pypi_0    pypi
sniffio                   1.3.1                    pypi_0    pypi
sqlite                    3.45.3               h5eee18b_0  
stack-data                0.6.3                    pypi_0    pypi
stack_data                0.2.0              pyhd3eb1b0_0  
starlette                 0.41.2                   pypi_0    pypi
streamlit                 1.12.1                   pypi_0    pypi
streamlit-drawable-canvas 0.8.0                    pypi_0    pypi
sympy                     1.13.3                   pypi_0    pypi
sysroot_linux-64          2.12                he073ed8_17    conda-forge
tabulate                  0.9.0                    pypi_0    pypi
tb-nightly                2.14.0a20230808          pypi_0    pypi
tensorboard               2.14.0                   pypi_0    pypi
tensorboard-data-server   0.7.2                    pypi_0    pypi
termcolor                 2.4.0                    pypi_0    pypi
test-tube                 0.7.5                    pypi_0    pypi
threadpoolctl             3.5.0                    pypi_0    pypi
tifffile                  2023.7.10                pypi_0    pypi
timm                      0.6.12                   pypi_0    pypi
tk                        8.6.14               h39e8969_0  
tokenizers                0.13.3                   pypi_0    pypi
toml                      0.10.2                   pypi_0    pypi
torch                     2.0.1                    pypi_0    pypi
torchmetrics              0.6.0                    pypi_0    pypi
torchvision               0.13.1               py38_cu113    pytorch
tornado                   6.4.1            py38h5eee18b_0  
tqdm                      4.66.6                   pypi_0    pypi
traitlets                 5.14.3           py38h06a4308_0  
transformers              4.25.0                   pypi_0    pypi
triton                    2.0.0                    pypi_0    pypi
typing-inspect            0.9.0                    pypi_0    pypi
typing_extensions         4.11.0           py38h06a4308_0  
tzdata                    2024.2                   pypi_0    pypi
tzlocal                   5.2                      pypi_0    pypi
uc-micro-py               1.0.3                    pypi_0    pypi
unicodedata2              15.1.0           py38h5eee18b_0  
urllib3                   2.2.3            py38h06a4308_0  
uvicorn                   0.32.0                   pypi_0    pypi
validators                0.34.0                   pypi_0    pypi
wandb                     0.15.12                  pypi_0    pypi
watchdog                  4.0.2                    pypi_0    pypi
wcwidth                   0.2.13                   pypi_0    pypi
webdataset                0.2.5                    pypi_0    pypi
websockets                13.1                     pypi_0    pypi
werkzeug                  3.0.6                    pypi_0    pypi
wheel                     0.44.0           py38h06a4308_0  
widgetsnbextension        4.0.13                   pypi_0    pypi
xformers                  0.0.20                   pypi_0    pypi
xorg-fixesproto           5.0               h7f98852_1002    conda-forge
xorg-inputproto           2.3.2             h7f98852_1002    conda-forge
xorg-kbproto              1.0.7             h7f98852_1002    conda-forge
xorg-libice               1.0.10               h7f98852_0    conda-forge
xorg-libsm                1.2.3             hd9c2040_1000    conda-forge
xorg-libx11               1.7.2                h7f98852_0    conda-forge
xorg-libxau               1.0.9                h7f98852_0    conda-forge
xorg-libxext              1.3.4                h7f98852_1    conda-forge
xorg-libxfixes            5.0.3             h7f98852_1004    conda-forge
xorg-libxi                1.7.10               h7f98852_0    conda-forge
xorg-libxrender           0.9.10            h7f98852_1003    conda-forge
xorg-libxtst              1.2.3             h7f98852_1002    conda-forge
xorg-recordproto          1.14.2            h7f98852_1002    conda-forge
xorg-renderproto          0.11.1            h7f98852_1002    conda-forge
xorg-xextproto            7.3.0             h7f98852_1002    conda-forge
xorg-xproto               7.0.31            h27cfd23_1007  
xz                        5.4.6                h5eee18b_1  
yacs                      0.1.8                    pypi_0    pypi
yapf                      0.32.0                   pypi_0    pypi
yarl                      1.15.2                   pypi_0    pypi
zipp                      3.20.2           py38h06a4308_0  
zlib                      1.2.13               h5eee18b_1  
zstd                      1.5.6                hc292b87_0  

numpy installation completed.
